\BOOKMARK [1][-]{section.0}{Policies}{}% 1
\BOOKMARK [2][-]{subsection.0.1}{List of Collaborators}{section.0}% 2
\BOOKMARK [2][-]{subsection.0.2}{List of Acknowledgments}{section.0}% 3
\BOOKMARK [2][-]{subsection.0.3}{RTFM}{section.0}% 4
\BOOKMARK [1][-]{section.1}{Problem: Criteria for Choosing a Feature to Split}{}% 5
\BOOKMARK [2][-]{subsection.1.1}{Not Splitting}{section.1}% 6
\BOOKMARK [2][-]{subsection.1.2}{Splitting}{section.1}% 7
\BOOKMARK [2][-]{subsection.1.3}{Mutual Information}{section.1}% 8
\BOOKMARK [1][-]{section.2}{Decision Stumps and Trees}{}% 9
\BOOKMARK [2][-]{subsection.2.1}{Built two decision stumps}{section.2}% 10
\BOOKMARK [2][-]{subsection.2.2}{Build Decision Tree}{section.2}% 11
\BOOKMARK [2][-]{subsection.2.3}{Multivariate Decision Tree}{section.2}% 12
\BOOKMARK [2][-]{subsection.2.4}{Discussion}{section.2}% 13
\BOOKMARK [1][-]{section.3}{A "Baby" no Free Lunch Theorem}{}% 14
\BOOKMARK [2][-]{subsection.3.1}{The Number of Inputs}{section.3}% 15
\BOOKMARK [2][-]{subsection.3.2}{The Number of Function}{section.3}% 16
\BOOKMARK [2][-]{subsection.3.3}{Obtaining low expected loss}{section.3}% 17
\BOOKMARK [2][-]{subsection.3.4}{Discussion}{section.3}% 18
\BOOKMARK [1][-]{section.4}{Implementation: K-Means}{}% 19
\BOOKMARK [2][-]{subsection.4.1}{Putting it all Together}{section.4}% 20
